<?xml version="1.0" encoding="UTF-8"?>
<testsuite xmlns:xsi="http://www.w3.org/2001/XMLSchema-instance" xsi:noNamespaceSchemaLocation="https://maven.apache.org/surefire/maven-surefire-plugin/xsd/surefire-test-report.xsd" name="Demo.TestRunner" time="22.134" tests="0" errors="0" skipped="0" failures="0">
  <properties>
    <property name="java.specification.version" value="13"/>
    <property name="sun.jnu.encoding" value="UTF-8"/>
    <property name="java.class.path" value="/Users/jesuseduardomoraperez/IdeaProjects/Testing/target/test-classes:/Users/jesuseduardomoraperez/IdeaProjects/Testing/target/classes:/Users/jesuseduardomoraperez/.m2/repository/org/seleniumhq/selenium/selenium-java/3.13.0/selenium-java-3.13.0.jar:/Users/jesuseduardomoraperez/.m2/repository/org/seleniumhq/selenium/selenium-api/3.13.0/selenium-api-3.13.0.jar:/Users/jesuseduardomoraperez/.m2/repository/org/seleniumhq/selenium/selenium-chrome-driver/3.13.0/selenium-chrome-driver-3.13.0.jar:/Users/jesuseduardomoraperez/.m2/repository/org/seleniumhq/selenium/selenium-edge-driver/3.13.0/selenium-edge-driver-3.13.0.jar:/Users/jesuseduardomoraperez/.m2/repository/org/seleniumhq/selenium/selenium-firefox-driver/3.13.0/selenium-firefox-driver-3.13.0.jar:/Users/jesuseduardomoraperez/.m2/repository/org/seleniumhq/selenium/selenium-ie-driver/3.13.0/selenium-ie-driver-3.13.0.jar:/Users/jesuseduardomoraperez/.m2/repository/org/seleniumhq/selenium/selenium-opera-driver/3.13.0/selenium-opera-driver-3.13.0.jar:/Users/jesuseduardomoraperez/.m2/repository/org/seleniumhq/selenium/selenium-remote-driver/3.13.0/selenium-remote-driver-3.13.0.jar:/Users/jesuseduardomoraperez/.m2/repository/org/seleniumhq/selenium/selenium-safari-driver/3.13.0/selenium-safari-driver-3.13.0.jar:/Users/jesuseduardomoraperez/.m2/repository/org/seleniumhq/selenium/selenium-support/3.13.0/selenium-support-3.13.0.jar:/Users/jesuseduardomoraperez/.m2/repository/net/bytebuddy/byte-buddy/1.8.3/byte-buddy-1.8.3.jar:/Users/jesuseduardomoraperez/.m2/repository/org/apache/commons/commons-exec/1.3/commons-exec-1.3.jar:/Users/jesuseduardomoraperez/.m2/repository/commons-codec/commons-codec/1.10/commons-codec-1.10.jar:/Users/jesuseduardomoraperez/.m2/repository/commons-logging/commons-logging/1.2/commons-logging-1.2.jar:/Users/jesuseduardomoraperez/.m2/repository/com/google/code/gson/gson/2.8.4/gson-2.8.4.jar:/Users/jesuseduardomoraperez/.m2/repository/com/google/guava/guava/25.0-jre/guava-25.0-jre.jar:/Users/jesuseduardomoraperez/.m2/repository/com/google/code/findbugs/jsr305/1.3.9/jsr305-1.3.9.jar:/Users/jesuseduardomoraperez/.m2/repository/org/checkerframework/checker-compat-qual/2.0.0/checker-compat-qual-2.0.0.jar:/Users/jesuseduardomoraperez/.m2/repository/com/google/errorprone/error_prone_annotations/2.1.3/error_prone_annotations-2.1.3.jar:/Users/jesuseduardomoraperez/.m2/repository/com/google/j2objc/j2objc-annotations/1.1/j2objc-annotations-1.1.jar:/Users/jesuseduardomoraperez/.m2/repository/org/codehaus/mojo/animal-sniffer-annotations/1.14/animal-sniffer-annotations-1.14.jar:/Users/jesuseduardomoraperez/.m2/repository/org/apache/httpcomponents/httpclient/4.5.5/httpclient-4.5.5.jar:/Users/jesuseduardomoraperez/.m2/repository/org/apache/httpcomponents/httpcore/4.4.9/httpcore-4.4.9.jar:/Users/jesuseduardomoraperez/.m2/repository/com/squareup/okhttp3/okhttp/3.10.0/okhttp-3.10.0.jar:/Users/jesuseduardomoraperez/.m2/repository/com/squareup/okio/okio/1.14.1/okio-1.14.1.jar:/Users/jesuseduardomoraperez/.m2/repository/io/cucumber/cucumber-java/6.10.4/cucumber-java-6.10.4.jar:/Users/jesuseduardomoraperez/.m2/repository/io/cucumber/cucumber-core/6.10.4/cucumber-core-6.10.4.jar:/Users/jesuseduardomoraperez/.m2/repository/io/cucumber/cucumber-gherkin/6.10.4/cucumber-gherkin-6.10.4.jar:/Users/jesuseduardomoraperez/.m2/repository/io/cucumber/cucumber-gherkin-messages/6.10.4/cucumber-gherkin-messages-6.10.4.jar:/Users/jesuseduardomoraperez/.m2/repository/io/cucumber/messages/15.0.0/messages-15.0.0.jar:/Users/jesuseduardomoraperez/.m2/repository/io/cucumber/tag-expressions/3.0.1/tag-expressions-3.0.1.jar:/Users/jesuseduardomoraperez/.m2/repository/io/cucumber/cucumber-expressions/10.3.0/cucumber-expressions-10.3.0.jar:/Users/jesuseduardomoraperez/.m2/repository/io/cucumber/datatable/3.5.0/datatable-3.5.0.jar:/Users/jesuseduardomoraperez/.m2/repository/io/cucumber/cucumber-plugin/6.10.4/cucumber-plugin-6.10.4.jar:/Users/jesuseduardomoraperez/.m2/repository/io/cucumber/docstring/6.10.4/docstring-6.10.4.jar:/Users/jesuseduardomoraperez/.m2/repository/io/cucumber/html-formatter/13.0.0/html-formatter-13.0.0.jar:/Users/jesuseduardomoraperez/.m2/repository/io/cucumber/create-meta/4.0.0/create-meta-4.0.0.jar:/Users/jesuseduardomoraperez/.m2/repository/org/apiguardian/apiguardian-api/1.1.1/apiguardian-api-1.1.1.jar:/Users/jesuseduardomoraperez/.m2/repository/io/cucumber/cucumber-junit/6.10.4/cucumber-junit-6.10.4.jar:/Users/jesuseduardomoraperez/.m2/repository/info/cukes/cucumber-core/1.2.5/cucumber-core-1.2.5.jar:/Users/jesuseduardomoraperez/.m2/repository/info/cukes/cucumber-html/0.2.3/cucumber-html-0.2.3.jar:/Users/jesuseduardomoraperez/.m2/repository/info/cukes/cucumber-jvm-deps/1.0.5/cucumber-jvm-deps-1.0.5.jar:/Users/jesuseduardomoraperez/.m2/repository/info/cukes/gherkin/2.12.2/gherkin-2.12.2.jar:/Users/jesuseduardomoraperez/.m2/repository/junit/junit/4.13.2/junit-4.13.2.jar:/Users/jesuseduardomoraperez/.m2/repository/org/hamcrest/hamcrest-core/1.3/hamcrest-core-1.3.jar:/Users/jesuseduardomoraperez/.m2/repository/net/masterthought/cucumber-reporting/5.5.4/cucumber-reporting-5.5.4.jar:/Users/jesuseduardomoraperez/.m2/repository/com/fasterxml/jackson/core/jackson-databind/2.12.1/jackson-databind-2.12.1.jar:/Users/jesuseduardomoraperez/.m2/repository/com/fasterxml/jackson/core/jackson-annotations/2.12.1/jackson-annotations-2.12.1.jar:/Users/jesuseduardomoraperez/.m2/repository/com/fasterxml/jackson/core/jackson-core/2.12.1/jackson-core-2.12.1.jar:/Users/jesuseduardomoraperez/.m2/repository/com/fasterxml/jackson/datatype/jackson-datatype-jsr310/2.12.1/jackson-datatype-jsr310-2.12.1.jar:/Users/jesuseduardomoraperez/.m2/repository/org/apache/velocity/velocity-engine-core/2.3/velocity-engine-core-2.3.jar:/Users/jesuseduardomoraperez/.m2/repository/org/slf4j/slf4j-api/1.7.30/slf4j-api-1.7.30.jar:/Users/jesuseduardomoraperez/.m2/repository/commons-collections/commons-collections/3.2.2/commons-collections-3.2.2.jar:/Users/jesuseduardomoraperez/.m2/repository/joda-time/joda-time/2.10.10/joda-time-2.10.10.jar:/Users/jesuseduardomoraperez/.m2/repository/org/apache/commons/commons-lang3/3.12.0/commons-lang3-3.12.0.jar:/Users/jesuseduardomoraperez/.m2/repository/commons-io/commons-io/2.7/commons-io-2.7.jar:/Users/jesuseduardomoraperez/.m2/repository/org/codehaus/plexus/plexus-utils/3.3.0/plexus-utils-3.3.0.jar:/Users/jesuseduardomoraperez/.m2/repository/org/jsoup/jsoup/1.13.1/jsoup-1.13.1.jar:/Users/jesuseduardomoraperez/.m2/repository/com/googlecode/owasp-java-html-sanitizer/owasp-java-html-sanitizer/20200713.1/owasp-java-html-sanitizer-20200713.1.jar:/Users/jesuseduardomoraperez/.m2/repository/commons-configuration/commons-configuration/1.10/commons-configuration-1.10.jar:/Users/jesuseduardomoraperez/.m2/repository/commons-lang/commons-lang/2.6/commons-lang-2.6.jar:/Users/jesuseduardomoraperez/.m2/repository/org/testng/testng/7.4.0/testng-7.4.0.jar:/Users/jesuseduardomoraperez/.m2/repository/com/beust/jcommander/1.78/jcommander-1.78.jar:/Users/jesuseduardomoraperez/.m2/repository/org/webjars/jquery/3.5.1/jquery-3.5.1.jar:"/>
    <property name="java.vm.vendor" value="Oracle Corporation"/>
    <property name="sun.arch.data.model" value="64"/>
    <property name="java.vendor.url" value="https://java.oracle.com/"/>
    <property name="os.name" value="Mac OS X"/>
    <property name="java.vm.specification.version" value="13"/>
    <property name="sun.java.launcher" value="SUN_STANDARD"/>
    <property name="user.country" value="MX"/>
    <property name="sun.boot.library.path" value="/Library/Java/JavaVirtualMachines/jdk-13.0.1.jdk/Contents/Home/lib"/>
    <property name="sun.java.command" value="/Users/jesuseduardomoraperez/IdeaProjects/Testing/target/surefire/surefirebooter7818420356936721111.jar /Users/jesuseduardomoraperez/IdeaProjects/Testing/target/surefire 2021-09-20T13-44-24_276-jvmRun1 surefire16403031905867220744tmp surefire_07249858823125527629tmp"/>
    <property name="http.nonProxyHosts" value="local|*.local|169.254/16|*.169.254/16"/>
    <property name="jdk.debug" value="release"/>
    <property name="surefire.test.class.path" value="/Users/jesuseduardomoraperez/IdeaProjects/Testing/target/test-classes:/Users/jesuseduardomoraperez/IdeaProjects/Testing/target/classes:/Users/jesuseduardomoraperez/.m2/repository/org/seleniumhq/selenium/selenium-java/3.13.0/selenium-java-3.13.0.jar:/Users/jesuseduardomoraperez/.m2/repository/org/seleniumhq/selenium/selenium-api/3.13.0/selenium-api-3.13.0.jar:/Users/jesuseduardomoraperez/.m2/repository/org/seleniumhq/selenium/selenium-chrome-driver/3.13.0/selenium-chrome-driver-3.13.0.jar:/Users/jesuseduardomoraperez/.m2/repository/org/seleniumhq/selenium/selenium-edge-driver/3.13.0/selenium-edge-driver-3.13.0.jar:/Users/jesuseduardomoraperez/.m2/repository/org/seleniumhq/selenium/selenium-firefox-driver/3.13.0/selenium-firefox-driver-3.13.0.jar:/Users/jesuseduardomoraperez/.m2/repository/org/seleniumhq/selenium/selenium-ie-driver/3.13.0/selenium-ie-driver-3.13.0.jar:/Users/jesuseduardomoraperez/.m2/repository/org/seleniumhq/selenium/selenium-opera-driver/3.13.0/selenium-opera-driver-3.13.0.jar:/Users/jesuseduardomoraperez/.m2/repository/org/seleniumhq/selenium/selenium-remote-driver/3.13.0/selenium-remote-driver-3.13.0.jar:/Users/jesuseduardomoraperez/.m2/repository/org/seleniumhq/selenium/selenium-safari-driver/3.13.0/selenium-safari-driver-3.13.0.jar:/Users/jesuseduardomoraperez/.m2/repository/org/seleniumhq/selenium/selenium-support/3.13.0/selenium-support-3.13.0.jar:/Users/jesuseduardomoraperez/.m2/repository/net/bytebuddy/byte-buddy/1.8.3/byte-buddy-1.8.3.jar:/Users/jesuseduardomoraperez/.m2/repository/org/apache/commons/commons-exec/1.3/commons-exec-1.3.jar:/Users/jesuseduardomoraperez/.m2/repository/commons-codec/commons-codec/1.10/commons-codec-1.10.jar:/Users/jesuseduardomoraperez/.m2/repository/commons-logging/commons-logging/1.2/commons-logging-1.2.jar:/Users/jesuseduardomoraperez/.m2/repository/com/google/code/gson/gson/2.8.4/gson-2.8.4.jar:/Users/jesuseduardomoraperez/.m2/repository/com/google/guava/guava/25.0-jre/guava-25.0-jre.jar:/Users/jesuseduardomoraperez/.m2/repository/com/google/code/findbugs/jsr305/1.3.9/jsr305-1.3.9.jar:/Users/jesuseduardomoraperez/.m2/repository/org/checkerframework/checker-compat-qual/2.0.0/checker-compat-qual-2.0.0.jar:/Users/jesuseduardomoraperez/.m2/repository/com/google/errorprone/error_prone_annotations/2.1.3/error_prone_annotations-2.1.3.jar:/Users/jesuseduardomoraperez/.m2/repository/com/google/j2objc/j2objc-annotations/1.1/j2objc-annotations-1.1.jar:/Users/jesuseduardomoraperez/.m2/repository/org/codehaus/mojo/animal-sniffer-annotations/1.14/animal-sniffer-annotations-1.14.jar:/Users/jesuseduardomoraperez/.m2/repository/org/apache/httpcomponents/httpclient/4.5.5/httpclient-4.5.5.jar:/Users/jesuseduardomoraperez/.m2/repository/org/apache/httpcomponents/httpcore/4.4.9/httpcore-4.4.9.jar:/Users/jesuseduardomoraperez/.m2/repository/com/squareup/okhttp3/okhttp/3.10.0/okhttp-3.10.0.jar:/Users/jesuseduardomoraperez/.m2/repository/com/squareup/okio/okio/1.14.1/okio-1.14.1.jar:/Users/jesuseduardomoraperez/.m2/repository/io/cucumber/cucumber-java/6.10.4/cucumber-java-6.10.4.jar:/Users/jesuseduardomoraperez/.m2/repository/io/cucumber/cucumber-core/6.10.4/cucumber-core-6.10.4.jar:/Users/jesuseduardomoraperez/.m2/repository/io/cucumber/cucumber-gherkin/6.10.4/cucumber-gherkin-6.10.4.jar:/Users/jesuseduardomoraperez/.m2/repository/io/cucumber/cucumber-gherkin-messages/6.10.4/cucumber-gherkin-messages-6.10.4.jar:/Users/jesuseduardomoraperez/.m2/repository/io/cucumber/messages/15.0.0/messages-15.0.0.jar:/Users/jesuseduardomoraperez/.m2/repository/io/cucumber/tag-expressions/3.0.1/tag-expressions-3.0.1.jar:/Users/jesuseduardomoraperez/.m2/repository/io/cucumber/cucumber-expressions/10.3.0/cucumber-expressions-10.3.0.jar:/Users/jesuseduardomoraperez/.m2/repository/io/cucumber/datatable/3.5.0/datatable-3.5.0.jar:/Users/jesuseduardomoraperez/.m2/repository/io/cucumber/cucumber-plugin/6.10.4/cucumber-plugin-6.10.4.jar:/Users/jesuseduardomoraperez/.m2/repository/io/cucumber/docstring/6.10.4/docstring-6.10.4.jar:/Users/jesuseduardomoraperez/.m2/repository/io/cucumber/html-formatter/13.0.0/html-formatter-13.0.0.jar:/Users/jesuseduardomoraperez/.m2/repository/io/cucumber/create-meta/4.0.0/create-meta-4.0.0.jar:/Users/jesuseduardomoraperez/.m2/repository/org/apiguardian/apiguardian-api/1.1.1/apiguardian-api-1.1.1.jar:/Users/jesuseduardomoraperez/.m2/repository/io/cucumber/cucumber-junit/6.10.4/cucumber-junit-6.10.4.jar:/Users/jesuseduardomoraperez/.m2/repository/info/cukes/cucumber-core/1.2.5/cucumber-core-1.2.5.jar:/Users/jesuseduardomoraperez/.m2/repository/info/cukes/cucumber-html/0.2.3/cucumber-html-0.2.3.jar:/Users/jesuseduardomoraperez/.m2/repository/info/cukes/cucumber-jvm-deps/1.0.5/cucumber-jvm-deps-1.0.5.jar:/Users/jesuseduardomoraperez/.m2/repository/info/cukes/gherkin/2.12.2/gherkin-2.12.2.jar:/Users/jesuseduardomoraperez/.m2/repository/junit/junit/4.13.2/junit-4.13.2.jar:/Users/jesuseduardomoraperez/.m2/repository/org/hamcrest/hamcrest-core/1.3/hamcrest-core-1.3.jar:/Users/jesuseduardomoraperez/.m2/repository/net/masterthought/cucumber-reporting/5.5.4/cucumber-reporting-5.5.4.jar:/Users/jesuseduardomoraperez/.m2/repository/com/fasterxml/jackson/core/jackson-databind/2.12.1/jackson-databind-2.12.1.jar:/Users/jesuseduardomoraperez/.m2/repository/com/fasterxml/jackson/core/jackson-annotations/2.12.1/jackson-annotations-2.12.1.jar:/Users/jesuseduardomoraperez/.m2/repository/com/fasterxml/jackson/core/jackson-core/2.12.1/jackson-core-2.12.1.jar:/Users/jesuseduardomoraperez/.m2/repository/com/fasterxml/jackson/datatype/jackson-datatype-jsr310/2.12.1/jackson-datatype-jsr310-2.12.1.jar:/Users/jesuseduardomoraperez/.m2/repository/org/apache/velocity/velocity-engine-core/2.3/velocity-engine-core-2.3.jar:/Users/jesuseduardomoraperez/.m2/repository/org/slf4j/slf4j-api/1.7.30/slf4j-api-1.7.30.jar:/Users/jesuseduardomoraperez/.m2/repository/commons-collections/commons-collections/3.2.2/commons-collections-3.2.2.jar:/Users/jesuseduardomoraperez/.m2/repository/joda-time/joda-time/2.10.10/joda-time-2.10.10.jar:/Users/jesuseduardomoraperez/.m2/repository/org/apache/commons/commons-lang3/3.12.0/commons-lang3-3.12.0.jar:/Users/jesuseduardomoraperez/.m2/repository/commons-io/commons-io/2.7/commons-io-2.7.jar:/Users/jesuseduardomoraperez/.m2/repository/org/codehaus/plexus/plexus-utils/3.3.0/plexus-utils-3.3.0.jar:/Users/jesuseduardomoraperez/.m2/repository/org/jsoup/jsoup/1.13.1/jsoup-1.13.1.jar:/Users/jesuseduardomoraperez/.m2/repository/com/googlecode/owasp-java-html-sanitizer/owasp-java-html-sanitizer/20200713.1/owasp-java-html-sanitizer-20200713.1.jar:/Users/jesuseduardomoraperez/.m2/repository/commons-configuration/commons-configuration/1.10/commons-configuration-1.10.jar:/Users/jesuseduardomoraperez/.m2/repository/commons-lang/commons-lang/2.6/commons-lang-2.6.jar:/Users/jesuseduardomoraperez/.m2/repository/org/testng/testng/7.4.0/testng-7.4.0.jar:/Users/jesuseduardomoraperez/.m2/repository/com/beust/jcommander/1.78/jcommander-1.78.jar:/Users/jesuseduardomoraperez/.m2/repository/org/webjars/jquery/3.5.1/jquery-3.5.1.jar:"/>
    <property name="sun.cpu.endian" value="little"/>
    <property name="user.home" value="/Users/jesuseduardomoraperez"/>
    <property name="user.language" value="en"/>
    <property name="java.specification.vendor" value="Oracle Corporation"/>
    <property name="java.version.date" value="2019-10-15"/>
    <property name="java.home" value="/Library/Java/JavaVirtualMachines/jdk-13.0.1.jdk/Contents/Home"/>
    <property name="file.separator" value="/"/>
    <property name="basedir" value="/Users/jesuseduardomoraperez/IdeaProjects/Testing"/>
    <property name="java.vm.compressedOopsMode" value="Zero based"/>
    <property name="line.separator" value="&#10;"/>
    <property name="java.specification.name" value="Java Platform API Specification"/>
    <property name="java.vm.specification.vendor" value="Oracle Corporation"/>
    <property name="surefire.real.class.path" value="/Users/jesuseduardomoraperez/IdeaProjects/Testing/target/surefire/surefirebooter7818420356936721111.jar"/>
    <property name="sun.management.compiler" value="HotSpot 64-Bit Tiered Compilers"/>
    <property name="ftp.nonProxyHosts" value="local|*.local|169.254/16|*.169.254/16"/>
    <property name="java.runtime.version" value="13.0.1+9"/>
    <property name="user.name" value="jesuseduardomoraperez"/>
    <property name="path.separator" value=":"/>
    <property name="os.version" value="10.15.7"/>
    <property name="java.runtime.name" value="Java(TM) SE Runtime Environment"/>
    <property name="file.encoding" value="UTF-8"/>
    <property name="java.vm.name" value="Java HotSpot(TM) 64-Bit Server VM"/>
    <property name="localRepository" value="/Users/jesuseduardomoraperez/.m2/repository"/>
    <property name="java.vendor.url.bug" value="https://bugreport.java.com/bugreport/"/>
    <property name="java.io.tmpdir" value="/var/folders/4w/vjm4cznx6fq2h0n22ft85ybr0000gn/T/"/>
    <property name="java.version" value="13.0.1"/>
    <property name="user.dir" value="/Users/jesuseduardomoraperez/IdeaProjects/Testing"/>
    <property name="os.arch" value="x86_64"/>
    <property name="java.vm.specification.name" value="Java Virtual Machine Specification"/>
    <property name="java.library.path" value="/Users/jesuseduardomoraperez/Library/Java/Extensions:/Library/Java/Extensions:/Network/Library/Java/Extensions:/System/Library/Java/Extensions:/usr/lib/java:."/>
    <property name="java.vm.info" value="mixed mode, sharing"/>
    <property name="java.vendor" value="Oracle Corporation"/>
    <property name="java.vm.version" value="13.0.1+9"/>
    <property name="sun.io.unicode.encoding" value="UnicodeBig"/>
    <property name="socksNonProxyHosts" value="local|*.local|169.254/16|*.169.254/16"/>
    <property name="java.class.version" value="57.0"/>
  </properties>
</testsuite>